<?xml version="1.0" encoding="UTF-8"?>
<!-- Generated by org.testng.reporters.JUnitXMLReporter -->
<testsuite ignored="0" hostname="DESKTOP-EN341QV" failures="0" tests="3" name="Chrome Test" time="42.913" errors="0" timestamp="2026-01-15T10:40:50 IST">
  <testcase classname="tests.LoginTest" name="verifyInvalidLogin" time="3.178"/>
  <testcase classname="tests.LoginTest" name="verifyValidLogin" time="10.127"/>
  <testcase classname="tests.DashboardTest" name="verifyDashboard" time="12.18"/>
</testsuite> <!-- Chrome Test -->
