<?xml version="1.0" encoding="UTF-8"?>
<testng-results ignored="0" total="3" passed="3" failed="0" skipped="0">
  <reporter-output>
  </reporter-output>
  <suite started-at="2026-01-15T10:40:07 IST" name="Automation Suite" finished-at="2026-01-15T10:40:50 IST" duration-ms="42913">
    <groups>
    </groups>
    <test started-at="2026-01-15T10:40:07 IST" name="Chrome Test" finished-at="2026-01-15T10:40:50 IST" duration-ms="42913">
      <class name="tests.LoginTest">
        <test-method is-config="true" signature="setUp(java.lang.String)[pri:0, instance:tests.LoginTest@73a1e9a9]" started-at="2026-01-15T10:40:07 IST" name="setUp" finished-at="2026-01-15T10:40:16 IST" duration-ms="9228" status="PASS">
          <params>
            <param index="0">
              <value>
                <![CDATA[chrome]]>
              </value>
            </param>
          </params>
          <reporter-output>
          </reporter-output>
        </test-method> <!-- setUp -->
        <test-method signature="verifyInvalidLogin()[pri:0, instance:tests.LoginTest@73a1e9a9]" started-at="2026-01-15T10:40:16 IST" name="verifyInvalidLogin" finished-at="2026-01-15T10:40:19 IST" duration-ms="3178" status="PASS">
          <reporter-output>
          </reporter-output>
        </test-method> <!-- verifyInvalidLogin -->
        <test-method signature="verifyValidLogin()[pri:0, instance:tests.LoginTest@73a1e9a9]" started-at="2026-01-15T10:40:19 IST" name="verifyValidLogin" finished-at="2026-01-15T10:40:30 IST" duration-ms="10127" status="PASS">
          <reporter-output>
          </reporter-output>
        </test-method> <!-- verifyValidLogin -->
        <test-method is-config="true" signature="tearDown()[pri:0, instance:tests.LoginTest@73a1e9a9]" started-at="2026-01-15T10:40:30 IST" name="tearDown" finished-at="2026-01-15T10:40:30 IST" duration-ms="202" status="PASS">
          <reporter-output>
          </reporter-output>
        </test-method> <!-- tearDown -->
      </class> <!-- tests.LoginTest -->
      <class name="tests.DashboardTest">
        <test-method is-config="true" signature="setUp(java.lang.String)[pri:0, instance:tests.DashboardTest@5b7a5baa]" started-at="2026-01-15T10:40:30 IST" name="setUp" finished-at="2026-01-15T10:40:37 IST" duration-ms="6782" status="PASS">
          <params>
            <param index="0">
              <value>
                <![CDATA[chrome]]>
              </value>
            </param>
          </params>
          <reporter-output>
          </reporter-output>
        </test-method> <!-- setUp -->
        <test-method is-config="true" signature="loginOnce()[pri:0, instance:tests.DashboardTest@5b7a5baa]" started-at="2026-01-15T10:40:37 IST" name="loginOnce" finished-at="2026-01-15T10:40:38 IST" duration-ms="1000" status="PASS">
          <reporter-output>
          </reporter-output>
        </test-method> <!-- loginOnce -->
        <test-method signature="verifyDashboard()[pri:0, instance:tests.DashboardTest@5b7a5baa]" started-at="2026-01-15T10:40:38 IST" name="verifyDashboard" finished-at="2026-01-15T10:40:50 IST" duration-ms="12180" status="PASS">
          <reporter-output>
          </reporter-output>
        </test-method> <!-- verifyDashboard -->
        <test-method is-config="true" signature="tearDown()[pri:0, instance:tests.DashboardTest@5b7a5baa]" started-at="2026-01-15T10:40:50 IST" name="tearDown" finished-at="2026-01-15T10:40:50 IST" duration-ms="175" status="PASS">
          <reporter-output>
          </reporter-output>
        </test-method> <!-- tearDown -->
      </class> <!-- tests.DashboardTest -->
    </test> <!-- Chrome Test -->
  </suite> <!-- Automation Suite -->
</testng-results>
